<?xml version="1.0" encoding="UTF-8"?>
<testsuite name="test" tests="0" skipped="0" failures="0" errors="0" timestamp="2024-09-19T17:17:42" hostname="33b53a2c328c" time="0.000186446"/>