<?xml version="1.0" encoding="UTF-8"?>
<testsuite name="test" tests="1" skipped="0" failures="0" errors="0" timestamp="2024-09-10T15:32:48" hostname="379c268fd890" time="0.746043144"><testcase name="user_test" classname="user_test" time="0.745141844"/>
</testsuite>