<?xml version="1.0" encoding="UTF-8"?>
<testsuite name="test" tests="0" skipped="0" failures="0" errors="0" timestamp="2024-09-19T11:39:59" hostname="5fbbd2d7dbba" time="0.000231537"/>