<?xml version="1.0" encoding="UTF-8"?>
<testsuite name="test" tests="0" skipped="0" failures="0" errors="0" timestamp="2024-09-10T12:31:08" hostname="e3aca2520ca1" time="0.000191337"/>