<?xml version="1.0" encoding="UTF-8"?>
<testsuite name="test" tests="1" skipped="0" failures="1" errors="0" timestamp="2024-09-11T09:38:47" hostname="1d27e1128062" time="0.855013454"><testcase name="user_test" classname="user_test" time="0.854083795"><failure message="assertion failed">&quot;200&quot;
&quot;200&quot;
thread &apos;user_test&apos; panicked at tests/user_test/mod.rs:412:17:
Body Error Some([BodyMismatch { path: &quot;$&quot;, expected: Some(b&quot;{\&quot;comment\&quot;:\&quot;user added \&quot;,\&quot;id\&quot;:2,\&quot;user_name\&quot;:\&quot;subhankar\&quot;}&quot;), actual: Some(b&quot;{\&quot;comment\&quot;:\&quot;user added \&quot;,\&quot;id\&quot;:2,\&quot;user_name\&quot;:\&quot;biswas\&quot;}&quot;), mismatch: &quot;Expected body &apos;{\&quot;comment\&quot;:\&quot;user added \&quot;,\&quot;id\&quot;:2,\&quot;user_name\&quot;:\&quot;subhankar\&quot;}&apos; to match &apos;{\&quot;comment\&quot;:\&quot;user added \&quot;,\&quot;id\&quot;:2,\&quot;user_name\&quot;:\&quot;biswas\&quot;}&apos; using equality but did not match&quot; }])
note: run with `RUST_BACKTRACE=1` environment variable to display a backtrace
</failure></testcase>
</testsuite>