<?xml version="1.0" encoding="UTF-8"?>
<testsuite name="test" tests="0" skipped="0" failures="0" errors="0" timestamp="2024-09-20T06:04:46" hostname="ccad54d19c42" time="0.000210112"/>