<?xml version="1.0" encoding="UTF-8"?>
<testsuite name="test" tests="1" skipped="0" failures="0" errors="0" timestamp="2024-09-11T08:50:11" hostname="a6541f28b97f" time="1.130248637"><testcase name="user_test" classname="user_test" time="1.129610107"/>
</testsuite>