<?xml version="1.0" encoding="UTF-8"?>
<testsuite name="test" tests="0" skipped="0" failures="0" errors="0" timestamp="2024-09-22T14:23:54" hostname="d08f86aeffd9" time="0.000203322"/>