<?xml version="1.0" encoding="UTF-8"?>
<testsuite name="test" tests="1" skipped="0" failures="0" errors="0" timestamp="2024-09-11T08:02:55" hostname="c84969917659" time="0.917477694"><testcase name="user_test" classname="user_test" time="0.916549497"/>
</testsuite>