<?xml version="1.0" encoding="UTF-8"?>
<testsuite name="test" tests="0" skipped="0" failures="0" errors="0" timestamp="2024-09-17T04:17:37" hostname="c95f7ff4b8d1" time="0.000178879"/>