<?xml version="1.0" encoding="UTF-8"?>
<testsuite name="test" tests="0" skipped="0" failures="0" errors="0" timestamp="2024-09-16T16:09:43" hostname="f7c268f3fc8f" time="0.000214348"/>