<?xml version="1.0" encoding="UTF-8"?>
<testsuite name="test" tests="0" skipped="0" failures="0" errors="0" timestamp="2024-09-16T18:52:55" hostname="d1c0365ee166" time="0.000199534"/>