<?xml version="1.0" encoding="UTF-8"?>
<testsuite name="test" tests="0" skipped="0" failures="0" errors="0" timestamp="2024-09-13T08:52:54" hostname="cb1be9bda4b9" time="0.000189877"/>