<?xml version="1.0" encoding="UTF-8"?>
<testsuite name="test" tests="0" skipped="0" failures="0" errors="0" timestamp="2024-09-10T12:51:30" hostname="d941073ee241" time="0.000187348"/>