<?xml version="1.0" encoding="UTF-8"?>
<testsuite name="test" tests="0" skipped="0" failures="0" errors="0" timestamp="2024-09-11T05:09:25" hostname="e2758cc456a5" time="0.000206976"/>