<?xml version="1.0" encoding="UTF-8"?>
<testsuite name="test" tests="0" skipped="0" failures="0" errors="0" timestamp="2024-09-19T13:25:33" hostname="7a8b2ce658db" time="0.000257135"/>