<?xml version="1.0" encoding="UTF-8"?>
<testsuite name="test" tests="1" skipped="0" failures="0" errors="0" timestamp="2024-09-10T14:43:28" hostname="872dcedb504d" time="0.593408086"><testcase name="user_test" classname="user_test" time="0.592500376"/>
</testsuite>