<?xml version="1.0" encoding="UTF-8"?>
<testsuite name="test" tests="0" skipped="0" failures="0" errors="0" timestamp="2024-09-10T12:21:59" hostname="89e8f4d20d99" time="0.000206287"/>