<?xml version="1.0" encoding="UTF-8"?>
<testsuite name="test" tests="0" skipped="0" failures="0" errors="0" timestamp="2024-09-10T04:57:56" hostname="31f2e29d3133" time="0.000223531"/>