<?xml version="1.0" encoding="UTF-8"?>
<testsuite name="test" tests="0" skipped="0" failures="0" errors="0" timestamp="2024-09-10T05:31:38" hostname="0dba0132bca8" time="0.000181366"/>