<?xml version="1.0" encoding="UTF-8"?>
<testsuite name="test" tests="0" skipped="0" failures="0" errors="0" timestamp="2024-09-16T12:15:13" hostname="e33ccb6bb380" time="0.000208192"/>