<?xml version="1.0" encoding="UTF-8"?>
<testsuite name="test" tests="0" skipped="0" failures="0" errors="0" timestamp="2024-09-17T04:29:38" hostname="0ed6e9f0e963" time="0.000236368"/>