<?xml version="1.0" encoding="UTF-8"?>
<testsuite name="test" tests="0" skipped="0" failures="0" errors="0" timestamp="2024-09-20T07:40:27" hostname="bcef5f7fd3bd" time="0.000200968"/>