<?xml version="1.0" encoding="UTF-8"?>
<testsuite name="test" tests="0" skipped="0" failures="0" errors="0" timestamp="2024-09-17T04:17:22" hostname="687a3f476086" time="0.000165691"/>