<?xml version="1.0" encoding="UTF-8"?>
<testsuite name="test" tests="0" skipped="0" failures="0" errors="0" timestamp="2024-09-16T10:12:37" hostname="f35fb9259e63" time="0.000195331"/>