<?xml version="1.0" encoding="UTF-8"?>
<testsuite name="test" tests="0" skipped="0" failures="0" errors="0" timestamp="2024-09-19T15:58:18" hostname="e8f0346decc2" time="0.000191806"/>