<?xml version="1.0" encoding="UTF-8"?>
<testsuite name="test" tests="0" skipped="0" failures="0" errors="0" timestamp="2024-09-10T17:11:29" hostname="8f08eb4f9606" time="0.000182219"/>