<?xml version="1.0" encoding="UTF-8"?>
<testsuite name="test" tests="0" skipped="0" failures="0" errors="0" timestamp="2024-09-20T07:26:31" hostname="159ab941f38e" time="0.000198307"/>