<?xml version="1.0" encoding="UTF-8"?>
<testsuite name="test" tests="0" skipped="0" failures="0" errors="0" timestamp="2024-09-17T03:45:03" hostname="b594bf3886f1" time="0.00018911"/>