<?xml version="1.0" encoding="UTF-8"?>
<testsuite name="test" tests="0" skipped="0" failures="0" errors="0" timestamp="2024-09-11T08:50:11" hostname="a6541f28b97f" time="0.000178923"/>