<?xml version="1.0" encoding="UTF-8"?>
<testsuite name="test" tests="0" skipped="0" failures="0" errors="0" timestamp="2024-09-19T15:42:16" hostname="458947e6e6b8" time="0.000195393"/>