<?xml version="1.0" encoding="UTF-8"?>
<testsuite name="test" tests="0" skipped="0" failures="0" errors="0" timestamp="2024-09-20T08:41:56" hostname="5cd4bec7a24e" time="0.000217133"/>