<?xml version="1.0" encoding="UTF-8"?>
<testsuite name="test" tests="0" skipped="0" failures="0" errors="0" timestamp="2024-09-13T09:44:37" hostname="cf87ea7c2b9e" time="0.00017926"/>