<?xml version="1.0" encoding="UTF-8"?>
<testsuite name="test" tests="0" skipped="0" failures="0" errors="0" timestamp="2024-09-16T16:04:56" hostname="5761e9a91e69" time="0.000187367"/>