<?xml version="1.0" encoding="UTF-8"?>
<testsuite name="test" tests="0" skipped="0" failures="0" errors="0" timestamp="2024-09-19T16:16:52" hostname="ffa6f0ad7a80" time="0.000219131"/>