<?xml version="1.0" encoding="UTF-8"?>
<testsuite name="test" tests="0" skipped="0" failures="0" errors="0" timestamp="2024-09-19T14:43:34" hostname="92fc99b0c321" time="0.000174233"/>