<?xml version="1.0" encoding="UTF-8"?>
<testsuite name="test" tests="0" skipped="0" failures="0" errors="0" timestamp="2024-09-11T03:38:02" hostname="1d114f748341" time="0.000184378"/>