<?xml version="1.0" encoding="UTF-8"?>
<testsuite name="test" tests="0" skipped="0" failures="0" errors="0" timestamp="2024-09-19T14:59:04" hostname="f7d740c9f572" time="0.00018969"/>