<?xml version="1.0" encoding="UTF-8"?>
<testsuite name="test" tests="1" skipped="0" failures="0" errors="0" timestamp="2024-09-10T13:57:06" hostname="b7d6965051e5" time="0.739929841"><testcase name="user_test" classname="user_test" time="0.739122953"/>
</testsuite>