<?xml version="1.0" encoding="UTF-8"?>
<testsuite name="test" tests="1" skipped="0" failures="0" errors="0" timestamp="2024-09-10T11:57:36" hostname="5e1b64af4f95" time="0.085068548"><testcase name="user_test" classname="user_test" time="0.084411773"/>
</testsuite>