<?xml version="1.0" encoding="UTF-8"?>
<testsuite name="test" tests="0" skipped="0" failures="0" errors="0" timestamp="2024-09-11T07:23:20" hostname="d937c6078ad6" time="0.000205506"/>