<?xml version="1.0" encoding="UTF-8"?>
<testsuite name="test" tests="0" skipped="0" failures="0" errors="0" timestamp="2024-09-16T12:12:33" hostname="6cedb92e6d9a" time="0.000209852"/>