<?xml version="1.0" encoding="UTF-8"?>
<testsuite name="test" tests="0" skipped="0" failures="0" errors="0" timestamp="2024-09-19T13:58:01" hostname="160717a27742" time="0.000379981"/>