<?xml version="1.0" encoding="UTF-8"?>
<testsuite name="test" tests="0" skipped="0" failures="0" errors="0" timestamp="2024-09-10T11:57:36" hostname="5e1b64af4f95" time="0.000200166"/>