<?xml version="1.0" encoding="UTF-8"?>
<testsuite name="test" tests="0" skipped="0" failures="0" errors="0" timestamp="2024-09-19T17:02:22" hostname="fe02cd6dd4fa" time="0.000189778"/>