<?xml version="1.0" encoding="UTF-8"?>
<testsuite name="test" tests="0" skipped="0" failures="0" errors="0" timestamp="2024-09-16T09:35:37" hostname="28c06abbbd6a" time="0.00018239"/>