<?xml version="1.0" encoding="UTF-8"?>
<testsuite name="test" tests="0" skipped="0" failures="0" errors="0" timestamp="2024-09-19T14:52:42" hostname="18f7b18d0dd4" time="0.000186615"/>