<?xml version="1.0" encoding="UTF-8"?>
<testsuite name="test" tests="0" skipped="0" failures="0" errors="0" timestamp="2024-09-11T09:29:16" hostname="4cb6236bf373" time="0.000244735"/>