<?xml version="1.0" encoding="UTF-8"?>
<testsuite name="test" tests="1" skipped="0" failures="0" errors="0" timestamp="2024-09-10T18:31:40" hostname="a51fdcc7a9db" time="0.730044897"><testcase name="user_test" classname="user_test" time="0.729385711"/>
</testsuite>