<?xml version="1.0" encoding="UTF-8"?>
<testsuite name="test" tests="0" skipped="0" failures="0" errors="0" timestamp="2024-09-13T09:12:20" hostname="c9683434a0f7" time="0.000193596"/>