<?xml version="1.0" encoding="UTF-8"?>
<testsuite name="test" tests="0" skipped="0" failures="0" errors="0" timestamp="2024-09-13T08:08:19" hostname="0fad24f92896" time="0.000185456"/>