<?xml version="1.0" encoding="UTF-8"?>
<testsuite name="test" tests="5" skipped="0" failures="3" errors="0" timestamp="2024-09-13T08:52:54" hostname="cb1be9bda4b9" time="0.196852855"><testcase name="add_user" classname="add_user" time="0.082107094"><failure message="assertion failed">thread &apos;add_user&apos; panicked at tests/contract_testing_logic/mod.rs:154:9:
assertion `left == right` failed
  left: 404
 right: 201
note: run with `RUST_BACKTRACE=1` environment variable to display a backtrace
</failure></testcase><testcase name="get_user_1" classname="get_user_1" time="0.081792468"/><testcase name="get_user_2" classname="get_user_2" time="0.071983708"/><testcase name="get_user_3" classname="get_user_3" time="0.07385093"><failure message="assertion failed">thread &apos;get_user_3&apos; panicked at tests/contract_testing_logic/mod.rs:154:9:
assertion `left == right` failed
  left: 404
 right: 200
</failure></testcase><testcase name="get_user_4" classname="get_user_4" time="0.040819374"><failure message="assertion failed">thread &apos;get_user_4&apos; panicked at tests/contract_testing_logic/mod.rs:154:9:
assertion `left == right` failed
  left: 404
 right: 200
</failure></testcase>
</testsuite>