<?xml version="1.0" encoding="UTF-8"?>
<testsuite name="test" tests="0" skipped="0" failures="0" errors="0" timestamp="2024-09-16T18:38:40" hostname="9a67a67c0945" time="0.000200863"/>