<?xml version="1.0" encoding="UTF-8"?>
<testsuite name="test" tests="0" skipped="0" failures="0" errors="0" timestamp="2024-09-20T07:55:29" hostname="7adacd4ac45c" time="0.000188974"/>