<?xml version="1.0" encoding="UTF-8"?>
<testsuite name="test" tests="0" skipped="0" failures="0" errors="0" timestamp="2024-09-10T18:44:03" hostname="8e33c2f26a68" time="0.000214688"/>