<?xml version="1.0" encoding="UTF-8"?>
<testsuite name="test" tests="0" skipped="0" failures="0" errors="0" timestamp="2024-09-16T08:04:13" hostname="94867fef0ee2" time="0.000188414"/>