<?xml version="1.0" encoding="UTF-8"?>
<testsuite name="test" tests="0" skipped="0" failures="0" errors="0" timestamp="2024-09-10T05:58:56" hostname="2b875cc6e65d" time="0.000196578"/>