<?xml version="1.0" encoding="UTF-8"?>
<testsuite name="test" tests="0" skipped="0" failures="0" errors="0" timestamp="2024-09-23T07:13:34" hostname="b268c19d054b" time="0.000182572"/>