<?xml version="1.0" encoding="UTF-8"?>
<testsuite name="test" tests="0" skipped="0" failures="0" errors="0" timestamp="2024-09-20T08:44:13" hostname="5fd35373bf77" time="0.000172745"/>