<?xml version="1.0" encoding="UTF-8"?>
<testsuite name="test" tests="0" skipped="0" failures="0" errors="0" timestamp="2024-09-23T07:12:52" hostname="ed0d5d3ac432" time="0.00019927"/>