<?xml version="1.0" encoding="UTF-8"?>
<testsuite name="test" tests="1" skipped="0" failures="0" errors="0" timestamp="2024-09-10T17:03:36" hostname="6d39d9a20bac" time="0.748461379"><testcase name="user_test" classname="user_test" time="0.747894267"/>
</testsuite>