<?xml version="1.0" encoding="UTF-8"?>
<testsuite name="test" tests="1" skipped="0" failures="1" errors="0" timestamp="2024-09-11T05:29:16" hostname="e278fdb7605b" time="0.001447771"><testcase name="user_test" classname="user_test" time="0.001002112"><failure message="assertion failed">thread &apos;user_test&apos; panicked at tests/user_test/mod.rs:148:63:
called `Option::unwrap()` on a `None` value
note: run with `RUST_BACKTRACE=1` environment variable to display a backtrace
</failure></testcase>
</testsuite>