<?xml version="1.0" encoding="UTF-8"?>
<testsuite name="test" tests="0" skipped="0" failures="0" errors="0" timestamp="2024-09-19T15:58:43" hostname="16f15262acda" time="0.000185534"/>