<?xml version="1.0" encoding="UTF-8"?>
<testsuite name="test" tests="0" skipped="0" failures="0" errors="0" timestamp="2024-09-10T05:21:46" hostname="872a117d2b4c" time="0.000193452"/>