<?xml version="1.0" encoding="UTF-8"?>
<testsuite name="test" tests="0" skipped="0" failures="0" errors="0" timestamp="2024-09-22T14:24:58" hostname="138f3fcaf0d4" time="0.000210348"/>