<?xml version="1.0" encoding="UTF-8"?>
<testsuite name="test" tests="0" skipped="0" failures="0" errors="0" timestamp="2024-09-10T03:49:37" hostname="541a370fbbf1" time="0.000186642"/>