<?xml version="1.0" encoding="UTF-8"?>
<testsuite name="test" tests="1" skipped="0" failures="0" errors="0" timestamp="2024-09-10T18:44:03" hostname="8e33c2f26a68" time="0.654779213"><testcase name="user_test" classname="user_test" time="0.653845617"/>
</testsuite>