<?xml version="1.0" encoding="UTF-8"?>
<testsuite name="test" tests="0" skipped="0" failures="0" errors="0" timestamp="2024-09-19T16:06:12" hostname="4d62ccc3b2b2" time="0.000351863"/>