<?xml version="1.0" encoding="UTF-8"?>
<testsuite name="test" tests="0" skipped="0" failures="0" errors="0" timestamp="2024-09-09T20:14:44" hostname="f3139b5550a2" time="0.000203524"/>