<?xml version="1.0" encoding="UTF-8"?>
<testsuite name="test" tests="0" skipped="0" failures="0" errors="0" timestamp="2024-09-19T14:03:23" hostname="fb8ba2cba712" time="0.000250946"/>