<?xml version="1.0" encoding="UTF-8"?>
<testsuite name="test" tests="0" skipped="0" failures="0" errors="0" timestamp="2024-09-11T07:12:46" hostname="f958ac463dd1" time="0.000184165"/>