<?xml version="1.0" encoding="UTF-8"?>
<testsuite name="test" tests="1" skipped="0" failures="0" errors="0" timestamp="2024-09-11T07:12:46" hostname="f958ac463dd1" time="0.900927469"><testcase name="user_test" classname="user_test" time="0.900074779"/>
</testsuite>