<?xml version="1.0" encoding="UTF-8"?>
<testsuite name="test" tests="0" skipped="0" failures="0" errors="0" timestamp="2024-09-20T08:43:05" hostname="6fcd5b4e834c" time="0.000239354"/>