<?xml version="1.0" encoding="UTF-8"?>
<testsuite name="test" tests="0" skipped="0" failures="0" errors="0" timestamp="2024-09-19T17:23:18" hostname="d5e0aef6388f" time="0.00021327"/>