<?xml version="1.0" encoding="UTF-8"?>
<testsuite name="test" tests="0" skipped="0" failures="0" errors="0" timestamp="2024-09-19T14:04:28" hostname="994da8611c74" time="0.000203784"/>