<?xml version="1.0" encoding="UTF-8"?>
<testsuite name="test" tests="5" skipped="0" failures="2" errors="0" timestamp="2024-09-17T04:29:38" hostname="0ed6e9f0e963" time="0.263013973"><testcase name="add_user" classname="add_user" time="0.14047192"><failure message="assertion failed">thread &apos;add_user&apos; panicked at tests/contract_testing_logic/mod.rs:155:9:
assertion `left == right` failed
  left: 404
 right: 201
note: run with `RUST_BACKTRACE=1` environment variable to display a backtrace
</failure></testcase><testcase name="get_user_1" classname="get_user_1" time="0.140427355"/><testcase name="get_user_2" classname="get_user_2" time="0.077069346"><failure message="assertion failed">thread &apos;get_user_2&apos; panicked at tests/contract_testing_logic/mod.rs:185:9:
assertion `left == right` failed
  left: &quot;{\&quot;comment\&quot;:\&quot;user added \&quot;,\&quot;id\&quot;:2,\&quot;user_name\&quot;:\&quot;biswas\&quot;}&quot;
 right: &quot;{\&quot;comment\&quot;:\&quot;user added \&quot;,\&quot;id\&quot;:2,\&quot;user_name\&quot;:\&quot;ram\&quot;}&quot;
</failure></testcase><testcase name="get_user_3" classname="get_user_3" time="0.077991134"/><testcase name="get_user_4" classname="get_user_4" time="0.042652847"/>
</testsuite>