<?xml version="1.0" encoding="UTF-8"?>
<testsuite name="test" tests="3" skipped="0" failures="1" errors="0" timestamp="2024-09-16T10:26:08" hostname="0cfdec99a730" time="0.158696336"><testcase name="get_user_1" classname="get_user_1" time="0.116289432"/><testcase name="get_user_2" classname="get_user_2" time="0.116259173"/><testcase name="get_user_3" classname="get_user_3" time="0.040856507"><failure message="assertion failed">thread &apos;get_user_3&apos; panicked at tests/contract_testing_logic/mod.rs:154:9:
assertion `left == right` failed
  left: 404
 right: 200
note: run with `RUST_BACKTRACE=1` environment variable to display a backtrace
</failure></testcase>
</testsuite>