<?xml version="1.0" encoding="UTF-8"?>
<testsuite name="test" tests="0" skipped="0" failures="0" errors="0" timestamp="2024-09-11T06:33:53" hostname="f4b03360c9b8" time="0.000205631"/>