<?xml version="1.0" encoding="UTF-8"?>
<testsuite name="test" tests="0" skipped="0" failures="0" errors="0" timestamp="2024-09-20T06:05:00" hostname="fd24535ab5af" time="0.000194934"/>