<?xml version="1.0" encoding="UTF-8"?>
<testsuite name="test" tests="1" skipped="0" failures="1" errors="0" timestamp="2024-09-10T11:24:48" hostname="d886b0cfdb58" time="4.294495433"><testcase name="user_test" classname="user_test" time="4.29352535"><failure message="assertion failed">&quot;consumer&quot;
Object { self_link: &quot;https://www.googleapis.com/storage/v1/b/contract-testing-report/o/pacts%2Fusers%2Fconsumer-producer.json&quot;, media_link: &quot;https://storage.googleapis.com/download/storage/v1/b/contract-testing-report/o/pacts%2Fusers%2Fconsumer-producer.json?generation=1725967484845095&amp;alt=media&quot;, content_encoding: None, content_disposition: None, cache_control: None, acl: None, content_language: None, metageneration: 1, time_deleted: None, content_type: Some(&quot;application/octet-stream&quot;), size: 1257, time_created: Some(2024-09-10 11:24:44.922 +00:00:00), crc32c: Some(&quot;1SVw8w==&quot;), md5_hash: Some(&quot;q9ajjweZOtm0YV0yMWrDjw==&quot;), etag: &quot;CKf4z/ahuIgDEAE=&quot;, updated: Some(2024-09-10 11:24:44.922 +00:00:00), storage_class: Some(&quot;STANDARD&quot;), kms_key_name: None, time_storage_class_updated: Some(2024-09-10 11:24:44.922 +00:00:00), temporary_hold: None, retention_expiration_time: None, metadata: None, event_based_hold: None, name: &quot;pacts/users/consumer-producer.json&quot;, id: &quot;contract-testing-report/pacts/users/consumer-producer.json/1725967484845095&quot;, bucket: &quot;contract-testing-report&quot;, generation: 1725967484845095, owner: None, customer_encryption: None, custom_time: None }
Ok(())
&quot;200&quot;
thread &apos;user_test&apos; panicked at tests/user_test/mod.rs:348:25:
header value &quot;Content-Type&quot; mismatch [HeaderMismatch { key: &quot;Content-Type&quot;, expected: &quot;\&quot;application/json\&quot;&quot;, actual: &quot;application/json&quot;, mismatch: &quot;Mismatch with header &apos;Content-Type&apos;: Expected header &apos;Content-Type&apos; to have value &apos;\&quot;application/json\&quot;&apos; but was &apos;application/json&apos;&quot; }]
note: run with `RUST_BACKTRACE=1` environment variable to display a backtrace
</failure></testcase>
</testsuite>