<?xml version="1.0" encoding="UTF-8"?>
<testsuite name="test" tests="0" skipped="0" failures="0" errors="0" timestamp="2024-09-16T14:50:27" hostname="84dec8e0e9e5" time="0.00018972"/>