<?xml version="1.0" encoding="UTF-8"?>
<testsuite name="test" tests="0" skipped="0" failures="0" errors="0" timestamp="2024-09-11T08:32:02" hostname="67c1082357f6" time="0.000181667"/>