<?xml version="1.0" encoding="UTF-8"?>
<testsuite name="test" tests="0" skipped="0" failures="0" errors="0" timestamp="2024-09-20T07:46:28" hostname="d46436da4bf6" time="0.000191583"/>