<?xml version="1.0" encoding="UTF-8"?>
<testsuite name="test" tests="0" skipped="0" failures="0" errors="0" timestamp="2024-09-16T09:30:08" hostname="cc22218ab8ff" time="0.000186765"/>