<?xml version="1.0" encoding="UTF-8"?>
<testsuite name="test" tests="3" skipped="0" failures="1" errors="0" timestamp="2024-09-13T08:08:19" hostname="0fad24f92896" time="0.1263013"><testcase name="get_user_1" classname="get_user_1" time="0.083459449"/><testcase name="add_user" classname="add_user" time="0.084488917"><failure message="assertion failed">thread &apos;add_user&apos; panicked at tests/contract_testing_logic/mod.rs:154:9:
assertion `left == right` failed
  left: 404
 right: 201
note: run with `RUST_BACKTRACE=1` environment variable to display a backtrace
</failure></testcase><testcase name="get_user_2" classname="get_user_2" time="0.041393881"/>
</testsuite>