<?xml version="1.0" encoding="UTF-8"?>
<testsuite name="test" tests="0" skipped="0" failures="0" errors="0" timestamp="2024-09-16T12:21:57" hostname="54c39072e080" time="0.000196432"/>