<?xml version="1.0" encoding="UTF-8"?>
<testsuite name="test" tests="0" skipped="0" failures="0" errors="0" timestamp="2024-09-20T07:46:41" hostname="ee9f3d8678ae" time="0.00020209"/>