<?xml version="1.0" encoding="UTF-8"?>
<testsuite name="test" tests="0" skipped="0" failures="0" errors="0" timestamp="2024-09-22T14:24:42" hostname="92bf522e1fba" time="0.000205492"/>