<?xml version="1.0" encoding="UTF-8"?>
<testsuite name="test" tests="0" skipped="0" failures="0" errors="0" timestamp="2024-09-16T12:09:53" hostname="47340f12529d" time="0.000191014"/>