<?xml version="1.0" encoding="UTF-8"?>
<testsuite name="test" tests="0" skipped="0" failures="0" errors="0" timestamp="2024-09-16T08:39:45" hostname="88d42242a5ef" time="0.000187182"/>