<?xml version="1.0" encoding="UTF-8"?>
<testsuite name="test" tests="1" skipped="0" failures="0" errors="0" timestamp="2024-09-11T06:00:49" hostname="927731cda6ce" time="0.902870505"><testcase name="user_test" classname="user_test" time="0.902124925"/>
</testsuite>