<?xml version="1.0" encoding="UTF-8"?>
<testsuite name="test" tests="0" skipped="0" failures="0" errors="0" timestamp="2024-09-11T04:05:16" hostname="cfd930417cc5" time="0.000199452"/>