<?xml version="1.0" encoding="UTF-8"?>
<testsuite name="test" tests="0" skipped="0" failures="0" errors="0" timestamp="2024-09-11T10:02:41" hostname="5cc6f9d30f89" time="0.000192245"/>