<?xml version="1.0" encoding="UTF-8"?>
<testsuite name="test" tests="1" skipped="0" failures="1" errors="0" timestamp="2024-09-10T06:36:29" hostname="9af2132d9070" time="0.243333116"><testcase name="user_test" classname="user_test" time="0.242351781"><failure message="assertion failed">String(&quot;{\n            \&quot;id\&quot;: 1,\n            \&quot;user_name\&quot;: \&quot;subhankar\&quot;,\n            \&quot;comment\&quot;: \&quot;user added \&quot;\n            }&quot;)
Err(Os { code: 2, kind: NotFound, message: &quot;No such file or directory&quot; })
&quot;200&quot;
thread &apos;user_test&apos; panicked at tests/user_test/mod.rs:266:21:
Body Error Some([BodyMismatch { path: &quot;$&quot;, expected: Some(b&quot;{\&quot;comment\&quot;:\&quot;user added \&quot;,\&quot;id\&quot;:1,\&quot;user_name\&quot;:\&quot;biswas\&quot;}&quot;), actual: Some(b&quot;{\&quot;comment\&quot;:\&quot;user added \&quot;,\&quot;id\&quot;:1,\&quot;user_name\&quot;:\&quot;subhankar\&quot;}&quot;), mismatch: &quot;Expected body &apos;{\&quot;comment\&quot;:\&quot;user added \&quot;,\&quot;id\&quot;:1,\&quot;user_name\&quot;:\&quot;biswas\&quot;}&apos; to match &apos;{\&quot;comment\&quot;:\&quot;user added \&quot;,\&quot;id\&quot;:1,\&quot;user_name\&quot;:\&quot;subhankar\&quot;}&apos; using equality but did not match&quot; }])
note: run with `RUST_BACKTRACE=1` environment variable to display a backtrace
</failure></testcase>
</testsuite>