<?xml version="1.0" encoding="UTF-8"?>
<testsuite name="test" tests="0" skipped="0" failures="0" errors="0" timestamp="2024-09-10T05:44:52" hostname="7416d3638326" time="0.000173093"/>