<?xml version="1.0" encoding="UTF-8"?>
<testsuite name="test" tests="5" skipped="0" failures="4" errors="0" timestamp="2024-09-16T10:42:21" hostname="1e68a97da2fb" time="0.204690769"><testcase name="add_user" classname="add_user" time="0.085790653"><failure message="assertion failed">thread &apos;add_user&apos; panicked at tests/contract_testing_logic/mod.rs:154:9:
assertion `left == right` failed
  left: 404
 right: 201
note: run with `RUST_BACKTRACE=1` environment variable to display a backtrace
</failure></testcase><testcase name="get_user_1" classname="get_user_1" time="0.085760091"/><testcase name="get_user_2" classname="get_user_2" time="0.07075653"><failure message="assertion failed">thread &apos;get_user_2&apos; panicked at tests/contract_testing_logic/mod.rs:184:9:
assertion `left == right` failed
  left: &quot;{\&quot;comment\&quot;:\&quot;user added \&quot;,\&quot;id\&quot;:2,\&quot;user_name\&quot;:\&quot;biswas\&quot;}&quot;
 right: &quot;{\&quot;comment\&quot;:\&quot;user added \&quot;,\&quot;id\&quot;:2,\&quot;user_name\&quot;:\&quot;subhankar\&quot;}&quot;
</failure></testcase><testcase name="get_user_3" classname="get_user_3" time="0.077497596"><failure message="assertion failed">thread &apos;get_user_3&apos; panicked at tests/contract_testing_logic/mod.rs:154:9:
assertion `left == right` failed
  left: 404
 right: 200
</failure></testcase><testcase name="get_user_4" classname="get_user_4" time="0.04638552"><failure message="assertion failed">thread &apos;get_user_4&apos; panicked at tests/contract_testing_logic/mod.rs:154:9:
assertion `left == right` failed
  left: 404
 right: 200
</failure></testcase>
</testsuite>