<?xml version="1.0" encoding="UTF-8"?>
<testsuite name="test" tests="0" skipped="0" failures="0" errors="0" timestamp="2024-09-17T03:31:20" hostname="d8e74becf6af" time="0.000189989"/>