<?xml version="1.0" encoding="UTF-8"?>
<testsuite name="test" tests="1" skipped="0" failures="0" errors="0" timestamp="2024-09-11T09:51:48" hostname="c86da38f64e1" time="0.919397453"><testcase name="user_test" classname="user_test" time="0.918508506"/>
</testsuite>