<?xml version="1.0" encoding="UTF-8"?>
<testsuite name="test" tests="0" skipped="0" failures="0" errors="0" timestamp="2024-09-16T11:28:12" hostname="f190eaa169d2" time="0.000183072"/>