<?xml version="1.0" encoding="UTF-8"?>
<testsuite name="test" tests="0" skipped="0" failures="0" errors="0" timestamp="2024-09-19T15:21:11" hostname="7be6ca383b5e" time="0.000224549"/>