<?xml version="1.0" encoding="UTF-8"?>
<testsuite name="test" tests="5" skipped="0" failures="0" errors="0" timestamp="2024-09-17T03:45:03" hostname="b594bf3886f1" time="0.20639263"><testcase name="add_user" classname="add_user" time="0.085336548"/><testcase name="get_user_1" classname="get_user_1" time="0.085325277"/><testcase name="get_user_3" classname="get_user_3" time="0.077685372"/><testcase name="get_user_2" classname="get_user_2" time="0.077722468"/><testcase name="get_user_4" classname="get_user_4" time="0.041646801"/>
</testsuite>